{
  "stats": {
    "suites": 1,
    "tests": 3,
    "passes": 1,
    "pending": 0,
    "failures": 2,
    "start": "2021-12-22T21:07:54.462Z",
    "end": "2021-12-22T21:08:13.284Z",
    "duration": 18822,
    "testsRegistered": 3,
    "passPercent": 33.33333333333333,
    "pendingPercent": 0,
    "other": 0,
    "hasOther": false,
    "skipped": 0,
    "hasSkipped": false
  },
  "results": [
    {
      "uuid": "24183084-e7e8-4caa-bd0d-a7bcaeea6e26",
      "title": "",
      "fullFile": "cypress/integration/project.spec.js",
      "file": "cypress/integration/project.spec.js",
      "beforeHooks": [],
      "afterHooks": [],
      "tests": [],
      "suites": [
        {
          "uuid": "0841316f-0b67-4f0f-aed3-45ef34dcfb32",
          "title": "11 - Limite o tamanho mínimo e máximo do board.",
          "fullFile": "",
          "file": "",
          "beforeHooks": [],
          "afterHooks": [],
          "tests": [
            {
              "title": "Verifica se a altura máxima do board é 50",
              "fullTitle": "11 - Limite o tamanho mínimo e máximo do board. Verifica se a altura máxima do board é 50",
              "timedOut": null,
              "duration": 3821,
              "state": "passed",
              "speed": "slow",
              "pass": true,
              "fail": false,
              "pending": false,
              "context": null,
              "code": "cy.get('#board-size').clear().type(50);\ncy.get('#generate-board').click();\ncy.get('.pixel').should('have.length', 2500);",
              "err": {},
              "uuid": "13374329-8e4f-49e6-9eb3-44f39840dc24",
              "parentUUID": "0841316f-0b67-4f0f-aed3-45ef34dcfb32",
              "isHook": false,
              "skipped": false
            },
            {
              "title": "Verifica se a altura do board é 5 quando um valor menor é colocado no input",
              "fullTitle": "11 - Limite o tamanho mínimo e máximo do board. Verifica se a altura do board é 5 quando um valor menor é colocado no input",
              "timedOut": null,
              "duration": 4693,
              "state": "failed",
              "speed": null,
              "pass": false,
              "fail": true,
              "pending": false,
              "context": null,
              "code": "cy.get('#board-size').clear().type(4);\ncy.get('#generate-board').click();\ncy.get('.pixel').should('have.length', 25);",
              "err": {
                "message": "CypressError: Timed out retrying: Not enough elements found. Found '16', expected '25'.",
                "estack": "CypressError: Timed out retrying: Not enough elements found. Found '16', expected '25'.\n    at cypressErr (http://localhost:44081/__cypress/runner/cypress_runner.js:149934:9)\n    at throwErr (http://localhost:44081/__cypress/runner/cypress_runner.js:149867:11)\n    at Object.throwErrByPath (http://localhost:44081/__cypress/runner/cypress_runner.js:149915:3)\n    at retry (http://localhost:44081/__cypress/runner/cypress_runner.js:144197:19)\n    at onFailFn (http://localhost:44081/__cypress/runner/cypress_runner.js:132448:16)\n    at tryCatcher (http://localhost:44081/__cypress/runner/cypress_runner.js:167415:23)\n    at Promise._settlePromiseFromHandler (http://localhost:44081/__cypress/runner/cypress_runner.js:165351:31)\n    at Promise._settlePromise (http://localhost:44081/__cypress/runner/cypress_runner.js:165408:18)\n    at Promise._settlePromise0 (http://localhost:44081/__cypress/runner/cypress_runner.js:165453:10)\n    at Promise._settlePromises (http://localhost:44081/__cypress/runner/cypress_runner.js:165528:18)\n    at Async../node_modules/bluebird/js/release/async.js.Async._drainQueue (http://localhost:44081/__cypress/runner/cypress_runner.js:162140:16)\n    at Async../node_modules/bluebird/js/release/async.js.Async._drainQueues (http://localhost:44081/__cypress/runner/cypress_runner.js:162150:10)\n    at Async.drainQueues (http://localhost:44081/__cypress/runner/cypress_runner.js:162024:14)",
                "diff": null
              },
              "uuid": "0845fd49-5381-4602-aa78-ee7a3e4f5960",
              "parentUUID": "0841316f-0b67-4f0f-aed3-45ef34dcfb32",
              "isHook": false,
              "skipped": false
            },
            {
              "title": "Verifica se a altura do board é 50 quando um valor maior é colocado no input",
              "fullTitle": "11 - Limite o tamanho mínimo e máximo do board. Verifica se a altura do board é 50 quando um valor maior é colocado no input",
              "timedOut": null,
              "duration": 10110,
              "state": "failed",
              "speed": null,
              "pass": false,
              "fail": true,
              "pending": false,
              "context": null,
              "code": "cy.get('#board-size').clear().type(51);\ncy.get('#generate-board').click();\ncy.get('.pixel').should('have.length', 2500);",
              "err": {
                "message": "CypressError: Timed out retrying: Too many elements found. Found '2601', expected '2500'.",
                "estack": "CypressError: Timed out retrying: Too many elements found. Found '2601', expected '2500'.\n    at cypressErr (http://localhost:44081/__cypress/runner/cypress_runner.js:149934:9)\n    at throwErr (http://localhost:44081/__cypress/runner/cypress_runner.js:149867:11)\n    at Object.throwErrByPath (http://localhost:44081/__cypress/runner/cypress_runner.js:149915:3)\n    at retry (http://localhost:44081/__cypress/runner/cypress_runner.js:144197:19)\n    at onFailFn (http://localhost:44081/__cypress/runner/cypress_runner.js:132448:16)\n    at tryCatcher (http://localhost:44081/__cypress/runner/cypress_runner.js:167415:23)\n    at Promise._settlePromiseFromHandler (http://localhost:44081/__cypress/runner/cypress_runner.js:165351:31)\n    at Promise._settlePromise (http://localhost:44081/__cypress/runner/cypress_runner.js:165408:18)\n    at Promise._settlePromise0 (http://localhost:44081/__cypress/runner/cypress_runner.js:165453:10)\n    at Promise._settlePromises (http://localhost:44081/__cypress/runner/cypress_runner.js:165528:18)\n    at Async../node_modules/bluebird/js/release/async.js.Async._drainQueue (http://localhost:44081/__cypress/runner/cypress_runner.js:162140:16)\n    at Async../node_modules/bluebird/js/release/async.js.Async._drainQueues (http://localhost:44081/__cypress/runner/cypress_runner.js:162150:10)\n    at Async.drainQueues (http://localhost:44081/__cypress/runner/cypress_runner.js:162024:14)",
                "diff": null
              },
              "uuid": "0f8306ae-f322-45ea-b5c9-279de5c6f766",
              "parentUUID": "0841316f-0b67-4f0f-aed3-45ef34dcfb32",
              "isHook": false,
              "skipped": false
            }
          ],
          "suites": [],
          "passes": [
            "13374329-8e4f-49e6-9eb3-44f39840dc24"
          ],
          "failures": [
            "0845fd49-5381-4602-aa78-ee7a3e4f5960",
            "0f8306ae-f322-45ea-b5c9-279de5c6f766"
          ],
          "pending": [],
          "skipped": [],
          "duration": 18624,
          "root": false,
          "rootEmpty": false,
          "_timeout": 2000
        }
      ],
      "passes": [],
      "failures": [],
      "pending": [],
      "skipped": [],
      "duration": 0,
      "root": true,
      "rootEmpty": true,
      "_timeout": 2000
    }
  ],
  "meta": {
    "mocha": {
      "version": "7.0.1"
    },
    "mochawesome": {
      "options": {
        "quiet": false,
        "reportFilename": "mochawesome",
        "saveHtml": false,
        "saveJson": true,
        "consoleReporter": "spec",
        "useInlineDiffs": false
      },
      "version": "4.1.0"
    },
    "marge": {
      "options": {
        "id": "default",
        "reportDir": "cypress/reports",
        "overwrite": true,
        "html": false,
        "json": true
      },
      "version": "4.1.0"
    }
  }
}